<?xml version="1.0" encoding="UTF-8"?>
<!-- Generated by org.testng.reporters.JUnitReportReporter -->
<testsuite hostname="PE-HO-339" failures="0" tests="1" name="com.demoautomatizacion.test.LiberacionMercanciaTest" time="162.977" errors="0" timestamp="2022-06-16T14:35:19 COT" skipped="0">
  <testcase classname="com.demoautomatizacion.test.LiberacionMercanciaTest" name="liberacion" time="162.977"/>
  <system-out/>
</testsuite> <!-- com.demoautomatizacion.test.LiberacionMercanciaTest -->
