<?xml version="1.0" encoding="UTF-8"?>
<!-- Generated by org.testng.reporters.JUnitReportReporter -->
<testsuite hostname="PE-HO-339" failures="0" tests="1" name="com.demoautomatizacion.test.GestionTest" time="82.857" errors="0" timestamp="2022-06-01T12:02:36 COT" skipped="0">
  <testcase classname="com.demoautomatizacion.test.GestionTest" name="consultarCliente" time="82.857"/>
  <system-out/>
</testsuite> <!-- com.demoautomatizacion.test.GestionTest -->
