<?xml version="1.0" encoding="UTF-8"?>
<!-- Generated by org.testng.reporters.JUnitReportReporter -->
<testsuite hostname="PE-HO-339" failures="0" tests="1" name="com.demoautomatizacion.test.GenerarReporteTest" time="102.894" errors="0" timestamp="2022-05-31T14:58:53 COT" skipped="0">
  <testcase classname="com.demoautomatizacion.test.GenerarReporteTest" name="opcionesGenerarReportes" time="102.894"/>
  <system-out/>
</testsuite> <!-- com.demoautomatizacion.test.GenerarReporteTest -->
