<?xml version="1.0" encoding="UTF-8"?>
<!-- Generated by org.testng.reporters.JUnitReportReporter -->
<testsuite hostname="PE-HO-275" failures="0" tests="1" name="com.demoautomatizacion.test.ExpedirTest" time="62.875" errors="0" timestamp="2022-06-30T10:11:39 COT" skipped="0">
  <testcase classname="com.demoautomatizacion.test.ExpedirTest" name="ValidacionLiberado" time="62.875"/>
  <system-out/>
</testsuite> <!-- com.demoautomatizacion.test.ExpedirTest -->
