<?xml version="1.0" encoding="UTF-8"?>
<!-- Generated by org.testng.reporters.JUnitReportReporter -->
<testsuite hostname="PE-HO-365" failures="0" tests="1" name="com.demoautomatizacion.test.ProrrogasTest" time="120.685" errors="0" timestamp="13 sep. 2021 21:23:10 GMT" skipped="0">
  <testcase classname="com.demoautomatizacion.test.ProrrogasTest" name="b37" time="120.685"/>
</testsuite> <!-- com.demoautomatizacion.test.ProrrogasTest -->
