<?xml version="1.0" encoding="UTF-8"?>
<!-- Generated by org.testng.reporters.JUnitReportReporter -->
<testsuite hostname="PE-HO-275" failures="0" tests="1" name="com.demoautomatizacion.test.ProrrogasTest" time="116.651" errors="0" timestamp="2022-06-15T16:09:29 COT" skipped="0">
  <testcase classname="com.demoautomatizacion.test.ProrrogasTest" name="AlmavivaBodegas1" time="116.651"/>
  <system-out/>
</testsuite> <!-- com.demoautomatizacion.test.ProrrogasTest -->
