<?xml version="1.0" encoding="UTF-8"?>
<!-- Generated by org.testng.reporters.JUnitReportReporter -->
<testsuite hostname="PE-HO-339" failures="0" tests="1" name="com.demoautomatizacion.test.ExpedirTest" time="112.784" errors="0" timestamp="2022-06-08T15:13:05 COT" skipped="0">
  <testcase classname="com.demoautomatizacion.test.ExpedirTest" name="verExpedir" time="112.784"/>
  <system-out/>
</testsuite> <!-- com.demoautomatizacion.test.ExpedirTest -->
